[21:34:03] [ServerMain/WARN]: Failed to get system info for Microarchitecture
java.lang.NullPointerException: Cannot invoke "String.toUpperCase()" because "this.cpuVendor" is null
	at oshi.hardware.CentralProcessor$ProcessorIdentifier.queryMicroarchitecture(CentralProcessor.java:825) ~[oshi-core-6.4.5.jar:6.4.5]
	at oshi.util.Memoizer$1.get(Memoizer.java:61) ~[oshi-core-6.4.5.jar:6.4.5]
	at oshi.hardware.CentralProcessor$ProcessorIdentifier.getMicroarchitecture(CentralProcessor.java:816) ~[oshi-core-6.4.5.jar:6.4.5]
	at net.minecraft.SystemReport.setDetail(SystemReport.java:62) ~[paper-1.20.4.jar:git-Paper-454]
	at net.minecraft.SystemReport.putProcessor(SystemReport.java:153) ~[paper-1.20.4.jar:git-Paper-454]
	at net.minecraft.SystemReport.lambda$putHardware$4(SystemReport.java:72) ~[paper-1.20.4.jar:git-Paper-454]
	at net.minecraft.SystemReport.ignoreErrors(SystemReport.java:85) ~[paper-1.20.4.jar:git-Paper-454]
	at net.minecraft.SystemReport.lambda$putHardware$4(SystemReport.java:72) ~[paper-1.20.4.jar:git-Paper-454]
	at net.minecraft.SystemReport.lambda$new$2(SystemReport.java:47) ~[paper-1.20.4.jar:git-Paper-454]
	at net.minecraft.SystemReport.ignoreErrors(SystemReport.java:85) ~[paper-1.20.4.jar:git-Paper-454]
	at net.minecraft.SystemReport.lambda$new$2(SystemReport.java:47) ~[paper-1.20.4.jar:git-Paper-454]
	at net.minecraft.CrashReport.<init>(CrashReport.java:34) ~[paper-1.20.4.jar:git-Paper-454]
	at net.minecraft.CrashReport.preload(CrashReport.java:257) ~[paper-1.20.4.jar:git-Paper-454]
	at net.minecraft.server.Main.main(Main.java:126) ~[paper-1.20.4.jar:git-Paper-454]
	at org.bukkit.craftbukkit.Main.main(Main.java:326) ~[paper-1.20.4.jar:git-Paper-454]
	at io.papermc.paperclip.Paperclip.lambda$main$0(Paperclip.java:42) ~[app:?]
	at java.lang.Thread.run(Thread.java:1589) ~[?:?]
[21:34:04] [ServerMain/WARN]: [org.eclipse.aether.internal.impl.synccontext.named.DiscriminatingNameMapper] Failed to get hostname, using 'localhost'
java.net.UnknownHostException: android_3: android_3: Name or service not known
	at java.net.InetAddress.getLocalHost(InetAddress.java:1781) ~[?:?]
	at org.eclipse.aether.internal.impl.synccontext.named.DiscriminatingNameMapper.getHostname(DiscriminatingNameMapper.java:90) ~[maven-resolver-impl-1.9.18.jar:1.9.18]
	at org.eclipse.aether.internal.impl.synccontext.named.DiscriminatingNameMapper.<init>(DiscriminatingNameMapper.java:69) ~[maven-resolver-impl-1.9.18.jar:1.9.18]
	at org.eclipse.aether.internal.impl.synccontext.named.NameMappers.discriminatingNameMapper(NameMappers.java:68) ~[maven-resolver-impl-1.9.18.jar:1.9.18]
	at org.eclipse.aether.internal.impl.synccontext.named.NamedLockFactoryAdapterFactoryImpl.getManuallyCreatedNameMappers(NamedLockFactoryAdapterFactoryImpl.java:78) ~[maven-resolver-impl-1.9.18.jar:1.9.18]
	at org.eclipse.aether.internal.impl.synccontext.named.NamedLockFactoryAdapterFactoryImpl.<init>(NamedLockFactoryAdapterFactoryImpl.java:107) ~[maven-resolver-impl-1.9.18.jar:1.9.18]
	at jdk.internal.reflect.DirectConstructorHandleAccessor.newInstance(DirectConstructorHandleAccessor.java:67) ~[?:?]
	at java.lang.reflect.Constructor.newInstanceWithCaller(Constructor.java:500) ~[?:?]
	at java.lang.reflect.Constructor.newInstance(Constructor.java:484) ~[?:?]
	at org.eclipse.aether.impl.DefaultServiceLocator$Entry.newInstance(DefaultServiceLocator.java:159) ~[maven-resolver-impl-1.9.18.jar:1.9.18]
	at org.eclipse.aether.impl.DefaultServiceLocator$Entry.getInstances(DefaultServiceLocator.java:140) ~[maven-resolver-impl-1.9.18.jar:1.9.18]
	at org.eclipse.aether.impl.DefaultServiceLocator$Entry.getInstance(DefaultServiceLocator.java:130) ~[maven-resolver-impl-1.9.18.jar:1.9.18]
	at org.eclipse.aether.impl.DefaultServiceLocator.getService(DefaultServiceLocator.java:271) ~[maven-resolver-impl-1.9.18.jar:1.9.18]
	at org.eclipse.aether.internal.impl.synccontext.DefaultSyncContextFactory.initService(DefaultSyncContextFactory.java:68) ~[maven-resolver-impl-1.9.18.jar:1.9.18]
	at org.eclipse.aether.impl.DefaultServiceLocator$Entry.newInstance(DefaultServiceLocator.java:163) ~[maven-resolver-impl-1.9.18.jar:1.9.18]
	at org.eclipse.aether.impl.DefaultServiceLocator$Entry.getInstances(DefaultServiceLocator.java:140) ~[maven-resolver-impl-1.9.18.jar:1.9.18]
	at org.eclipse.aether.impl.DefaultServiceLocator$Entry.getInstance(DefaultServiceLocator.java:130) ~[maven-resolver-impl-1.9.18.jar:1.9.18]
	at org.eclipse.aether.impl.DefaultServiceLocator.getService(DefaultServiceLocator.java:271) ~[maven-resolver-impl-1.9.18.jar:1.9.18]
	at org.eclipse.aether.internal.impl.DefaultMetadataResolver.initService(DefaultMetadataResolver.java:123) ~[maven-resolver-impl-1.9.18.jar:1.9.18]
	at org.eclipse.aether.impl.DefaultServiceLocator$Entry.newInstance(DefaultServiceLocator.java:163) ~[maven-resolver-impl-1.9.18.jar:1.9.18]
	at org.eclipse.aether.impl.DefaultServiceLocator$Entry.getInstances(DefaultServiceLocator.java:140) ~[maven-resolver-impl-1.9.18.jar:1.9.18]
	at org.eclipse.aether.impl.DefaultServiceLocator$Entry.getInstance(DefaultServiceLocator.java:130) ~[maven-resolver-impl-1.9.18.jar:1.9.18]
	at org.eclipse.aether.impl.DefaultServiceLocator.getService(DefaultServiceLocator.java:271) ~[maven-resolver-impl-1.9.18.jar:1.9.18]
	at org.apache.maven.repository.internal.DefaultVersionResolver.initService(DefaultVersionResolver.java:106) ~[maven-resolver-provider-3.9.6.jar:3.9.6]
	at org.eclipse.aether.impl.DefaultServiceLocator$Entry.newInstance(DefaultServiceLocator.java:163) ~[maven-resolver-impl-1.9.18.jar:1.9.18]
	at org.eclipse.aether.impl.DefaultServiceLocator$Entry.getInstances(DefaultServiceLocator.java:140) ~[maven-resolver-impl-1.9.18.jar:1.9.18]
	at org.eclipse.aether.impl.DefaultServiceLocator$Entry.getInstance(DefaultServiceLocator.java:130) ~[maven-resolver-impl-1.9.18.jar:1.9.18]
	at org.eclipse.aether.impl.DefaultServiceLocator.getService(DefaultServiceLocator.java:271) ~[maven-resolver-impl-1.9.18.jar:1.9.18]
	at org.eclipse.aether.internal.impl.DefaultRepositorySystem.initService(DefaultRepositorySystem.java:158) ~[maven-resolver-impl-1.9.18.jar:1.9.18]
	at org.eclipse.aether.impl.DefaultServiceLocator$Entry.newInstance(DefaultServiceLocator.java:163) ~[maven-resolver-impl-1.9.18.jar:1.9.18]
	at org.eclipse.aether.impl.DefaultServiceLocator$Entry.getInstances(DefaultServiceLocator.java:140) ~[maven-resolver-impl-1.9.18.jar:1.9.18]
	at org.eclipse.aether.impl.DefaultServiceLocator$Entry.getInstance(DefaultServiceLocator.java:130) ~[maven-resolver-impl-1.9.18.jar:1.9.18]
	at org.eclipse.aether.impl.DefaultServiceLocator.getService(DefaultServiceLocator.java:271) ~[maven-resolver-impl-1.9.18.jar:1.9.18]
	at org.bukkit.plugin.java.LibraryLoader.<init>(LibraryLoader.java:58) ~[paper-api-1.20.4-R0.1-SNAPSHOT.jar:?]
	at io.papermc.paper.plugin.provider.type.spigot.SpigotPluginProvider.<clinit>(SpigotPluginProvider.java:38) ~[paper-1.20.4.jar:git-Paper-454]
	at io.papermc.paper.plugin.provider.type.PluginFileType.<clinit>(PluginFileType.java:39) ~[paper-1.20.4.jar:git-Paper-454]
	at io.papermc.paper.plugin.provider.source.FileProviderSource.registerProviders(FileProviderSource.java:61) ~[paper-1.20.4.jar:git-Paper-454]
	at io.papermc.paper.plugin.provider.source.DirectoryProviderSource.registerProviders(DirectoryProviderSource.java:47) ~[paper-1.20.4.jar:git-Paper-454]
	at io.papermc.paper.plugin.provider.source.DirectoryProviderSource.registerProviders(DirectoryProviderSource.java:17) ~[paper-1.20.4.jar:git-Paper-454]
	at io.papermc.paper.plugin.util.EntrypointUtil.registerProvidersFromSource(EntrypointUtil.java:15) ~[paper-1.20.4.jar:git-Paper-454]
	at io.papermc.paper.plugin.PluginInitializerManager.load(PluginInitializerManager.java:101) ~[paper-1.20.4.jar:git-Paper-454]
	at net.minecraft.server.Main.main(Main.java:131) ~[paper-1.20.4.jar:git-Paper-454]
	at org.bukkit.craftbukkit.Main.main(Main.java:326) ~[paper-1.20.4.jar:git-Paper-454]
	at io.papermc.paperclip.Paperclip.lambda$main$0(Paperclip.java:42) ~[app:?]
	at java.lang.Thread.run(Thread.java:1589) ~[?:?]
Caused by: java.net.UnknownHostException: android_3: Name or service not known
	at java.net.Inet6AddressImpl.lookupAllHostAddr(Native Method) ~[?:?]
	at java.net.Inet6AddressImpl.lookupAllHostAddr(Inet6AddressImpl.java:52) ~[?:?]
	at java.net.InetAddress$PlatformResolver.lookupByName(InetAddress.java:1059) ~[?:?]
	at java.net.InetAddress.getAddressesFromNameService(InetAddress.java:1673) ~[?:?]
	at java.net.InetAddress$NameServiceAddresses.get(InetAddress.java:1003) ~[?:?]
	at java.net.InetAddress.getAllByName0(InetAddress.java:1663) ~[?:?]
	at java.net.InetAddress.getLocalHost(InetAddress.java:1776) ~[?:?]
	... 44 more
[21:34:12] [ServerMain/INFO]: Environment: Environment[sessionHost=https://sessionserver.mojang.com, servicesHost=https://api.minecraftservices.com, name=PROD]
[21:34:13] [ServerMain/INFO]: Found non-pack entry './world/datapacks/wget-log', ignoring
[21:34:13] [ServerMain/INFO]: Found non-pack entry './world/datapacks/file?dkey=otqtc3266mj', ignoring
[21:34:17] [ServerMain/INFO]: Loaded 1174 recipes
[21:34:17] [ServerMain/INFO]: Loaded 1274 advancements
[21:34:17] [Server thread/INFO]: Starting minecraft server version 1.20.4
[21:34:17] [Server thread/WARN]: ****************************
[21:34:17] [Server thread/WARN]: YOU ARE RUNNING THIS SERVER AS AN ADMINISTRATIVE OR ROOT USER. THIS IS NOT ADVISED.
[21:34:17] [Server thread/WARN]: YOU ARE OPENING YOURSELF UP TO POTENTIAL RISKS WHEN DOING THIS.
[21:34:17] [Server thread/WARN]: FOR MORE INFORMATION, SEE https://madelinemiller.dev/blog/root-minecraft-server/
[21:34:17] [Server thread/WARN]: ****************************
[21:34:17] [Server thread/INFO]: Loading properties
[21:34:18] [Server thread/INFO]: This server is running Paper version git-Paper-454 (MC: 1.20.4) (Implementing API version 1.20.4-R0.1-SNAPSHOT) (Git: 99a6416)
[21:34:18] [Server thread/INFO]: Server Ping Player Sample Count: 12
[21:34:18] [Server thread/INFO]: Using 4 threads for Netty based IO
[21:34:19] [Server thread/WARN]: [!] The timings profiler has been enabled but has been scheduled for removal from Paper in the future.
    We recommend installing the spark profiler as a replacement: https://spark.lucko.me/
    For more information please visit: https://github.com/PaperMC/Paper/issues/8948
[21:34:19] [Server thread/INFO]: [ChunkTaskScheduler] Chunk system is using 1 I/O threads, 2 worker threads, and gen parallelism of 2 threads
[21:34:20] [Server thread/INFO]: Default game type: SURVIVAL
[21:34:20] [Server thread/INFO]: Generating keypair
[21:34:20] [Server thread/INFO]: Starting Minecraft server on 127.0.0.1:25565
[21:34:20] [Server thread/INFO]: Using epoll channel type
[21:34:20] [Server thread/INFO]: Paper: Using libdeflate (Linux aarch64) compression from Velocity.
[21:34:20] [Server thread/INFO]: Paper: Using OpenSSL (Linux aarch64) cipher from Velocity.
[21:34:21] [Server thread/INFO]: [ViaVersion] Loading server plugin ViaVersion v4.9.3
[21:34:21] [Server thread/INFO]: [ViaVersion] ViaVersion 4.9.3 is now loaded. Registering protocol transformers and injecting...
[21:34:23] [Via-Mappingloader-0/INFO]: [ViaVersion] Loading block connection mappings ...
[21:34:23] [Via-Mappingloader-0/INFO]: [ViaVersion] Using FastUtil Long2ObjectOpenHashMap for block connections
[21:34:23] [Server thread/INFO]: [ViaBackwards] Loading translations...
[21:34:23] [Server thread/INFO]: [ViaBackwards] Registering protocols...
[21:34:24] [Server thread/INFO]: [HoloDropsX] Loading server plugin HoloDropsX v3.0.0
[21:34:24] [Server thread/INFO]: [ChestCleaner] Loading server plugin ChestCleaner v2.4.4
[21:34:24] [Server thread/INFO]: [Geyser-Spigot] Loading server plugin Geyser-Spigot v2.2.2-SNAPSHOT
[21:34:25] [Server thread/INFO]: [Geyser-Spigot] Loading extensions...
[21:34:25] [Server thread/INFO]: [Geyser-Spigot] Loaded 0 extension(s)
[21:34:25] [Server thread/INFO]: [playit-gg] Loading server plugin playit-gg v0.1.4
[21:34:25] [Server thread/INFO]: [ViaBackwards] Loading server plugin ViaBackwards v4.9.2
[21:34:25] [Server thread/INFO]: Server permissions file permissions.yml is empty, ignoring it
[21:34:25] [Server thread/WARN]: **** SERVER IS RUNNING IN OFFLINE/INSECURE MODE!
[21:34:25] [Server thread/WARN]: The server will make no attempt to authenticate usernames. Beware.
[21:34:25] [Server thread/WARN]: While this makes the game possible to play without internet access, it also opens up the ability for hackers to connect with any username they choose.
[21:34:25] [Server thread/WARN]: To change this, set "online-mode" to "true" in the server.properties file.
[21:34:25] [Server thread/INFO]: Preparing level "world"
[21:34:27] [Server thread/INFO]: Preparing start region for dimension minecraft:overworld
[21:34:27] [Server thread/INFO]: Time elapsed: 276 ms
[21:34:27] [Server thread/INFO]: Preparing start region for dimension minecraft:the_nether
[21:34:29] [Server thread/INFO]: Time elapsed: 2310 ms
[21:34:29] [Server thread/INFO]: Preparing start region for dimension minecraft:the_end
[21:34:30] [Server thread/INFO]: Time elapsed: 104 ms
[21:34:30] [Server thread/INFO]: [ViaVersion] Enabling ViaVersion v4.9.3
[21:34:30] [Server thread/INFO]: [ViaVersion] ViaVersion detected server version: 1.20.3/1.20.4 (765)
[21:34:30] [Server thread/INFO]: [HoloDropsX] Enabling HoloDropsX v3.0.0
[21:34:31] [Server thread/INFO]: [ChestCleaner] Enabling ChestCleaner v2.4.4
[21:34:32] [Server thread/WARN]: [ChestCleaner] Could not save ChestCleaner_2-4-4_en_GB.properties to plugins/ChestCleaner/ChestCleaner_2-4-4_en_GB.properties because ChestCleaner_2-4-4_en_GB.properties already exists.
[21:34:32] [Server thread/WARN]: [ChestCleaner] Could not save ChestCleaner_2-4-4_de_DE.properties to plugins/ChestCleaner/ChestCleaner_2-4-4_de_DE.properties because ChestCleaner_2-4-4_de_DE.properties already exists.
[21:34:32] [Server thread/INFO]: [Geyser-Spigot] Enabling Geyser-Spigot v2.2.2-SNAPSHOT
[21:34:32] [Server thread/INFO]: [playit-gg] Enabling playit-gg v0.1.4
[21:34:34] [Thread-7/INFO]: [gg.playit.minecraft.PlayitKeysSetup] secret key found, checking
[21:34:34] [Thread-7/INFO]: [gg.playit.minecraft.PlayitKeysSetup] check secret
[21:34:34] [Server thread/INFO]: [ViaBackwards] Enabling ViaBackwards v4.9.2
[21:34:34] [Server thread/INFO]: [Geyser-Spigot] ******************************************
[21:34:34] [Server thread/INFO]: [Geyser-Spigot] 
[21:34:34] [Server thread/INFO]: [Geyser-Spigot] Loading Geyser version 2.2.2-SNAPSHOT (git-master-e1e09a6)
[21:34:34] [Server thread/INFO]: [Geyser-Spigot] 
[21:34:34] [Server thread/INFO]: [Geyser-Spigot] ******************************************
[21:34:36] [Thread-7/INFO]: [gg.playit.minecraft.PlayitKeysSetup] found minecraft java tunnel: access-marked.joinmc.link
[21:34:36] [Thread-7/INFO]: [gg.playit.minecraft.PlayitManager] keys and tunnel setup
[21:34:36] [Thread-7/INFO]: playit.gg: tunnel setup
[21:34:36] [Thread-7/INFO]: playit.gg: access-marked.joinmc.link
[21:34:36] [Thread-7/WARN]: [gg.playit.control.ChannelSetup] Got IO error working with :control.playit.gg/2602:fbaf:848:0:0:0:0:1, error : java.net.SocketException: Network is unreachable
[21:34:37] [Thread-7/INFO]: [gg.playit.control.ChannelSetup] request queued, waiting 1 second before resend
[21:34:38] [Thread-7/INFO]: [gg.playit.control.ChannelSetup] request queued, waiting 1 second before resend
[21:34:44] [epollEventLoopGroup-4-2/INFO]: [Geyser-Spigot] Started Geyser on 0.0.0.0:19132
[21:34:44] [Server thread/INFO]: [Geyser-Spigot] Done (9.895s)! Run /geyser help for help!
[21:34:44] [Server thread/INFO]: Running delayed init tasks
[21:34:44] [Server thread/INFO]: Done (26.989s)! For help, type "help"
[21:34:44] [Server thread/INFO]: Timings Reset
[21:34:44] [Craft Scheduler Thread - 2 - ViaVersion/INFO]: [ViaVersion] Finished mapping loading, shutting down loader executor!
[21:38:39] [Thread-7/INFO]: [gg.playit.control.ChannelSetup] send keep alive
[21:42:39] [Thread-7/INFO]: [gg.playit.control.ChannelSetup] send keep alive
[21:46:40] [Thread-7/INFO]: [gg.playit.control.ChannelSetup] send keep alive
[21:50:40] [Thread-7/INFO]: [gg.playit.control.ChannelSetup] send keep alive
[21:54:40] [Thread-7/INFO]: [gg.playit.control.ChannelSetup] send keep alive
[21:58:40] [Thread-7/INFO]: [gg.playit.control.ChannelSetup] send keep alive
[22:02:41] [Thread-7/INFO]: [gg.playit.control.ChannelSetup] send keep alive
[22:06:41] [Thread-7/INFO]: [gg.playit.control.ChannelSetup] send keep alive
[22:10:41] [Thread-7/INFO]: [gg.playit.control.ChannelSetup] send keep alive
[22:14:41] [Thread-7/INFO]: [gg.playit.control.ChannelSetup] send keep alive
